1 0 -2.30035305023 0.499999
1 50 -1.89446222782 0.499991
1 100 -0.94259339571 0.499983
1 150 -0.697481751442 0.499976
1 200 -0.456420123577 0.499971
1 250 -0.593231022358 0.499965
1 300 -0.323149859905 0.49996
1 350 -0.34796115756 0.499955
1 400 -0.333017736673 0.499949
1 450 -0.417751699686 0.499943
1 500 -0.371437430382 0.499938
1 550 -0.448760062456 0.499932
valid_acc 88.08
best valid_acc 88.08
2 0 -0.371610045433 0.499927
2 50 -0.263262778521 0.499921
2 100 -0.516898214817 0.499915
2 150 -0.319017976522 0.49991
2 200 -0.327614963055 0.499904
2 250 -0.485963433981 0.499899
2 300 -0.316952109337 0.499894
2 350 -0.273310005665 0.499888
2 400 -0.398065984249 0.499883
2 450 -0.168682858348 0.499878
2 500 -0.127727419138 0.499872
2 550 -0.493794292212 0.499867
valid_acc 91.09666666666666
best valid_acc 91.09666666666666
3 0 -0.233745023608 0.499861
3 50 -0.277516394854 0.499856
3 100 -0.224553719163 0.49985
3 150 -0.378149181604 0.499844
3 200 -0.207821637392 0.49984
3 250 -0.296727061272 0.499835
3 300 -0.152201429009 0.49983
3 350 -0.319277346134 0.499824
3 400 -0.213029906154 0.499819
3 450 -0.125034406781 0.499814
3 500 -0.12044750154 0.499809
3 550 -0.207672461867 0.499805
valid_acc 92.21666666666667
best valid_acc 92.21666666666667
4 0 -0.309525430202 0.4998
4 50 -0.217644274235 0.499795
4 100 -0.107900492847 0.49979
4 150 -0.45635008812 0.499785
4 200 -0.177207663655 0.49978
4 250 -0.19913931191 0.499776
4 300 -0.396816134453 0.499772
4 350 -0.209754481912 0.499768
4 400 -0.300492614508 0.499763
4 450 -0.330251961946 0.499759
4 500 -0.139963790774 0.499756
4 550 -0.256711006165 0.49975
valid_acc 92.73833333333333
best valid_acc 92.73833333333333
5 0 -0.112070694566 0.499746
5 50 -0.238598302007 0.499741
5 100 -0.0710720270872 0.499737
5 150 -0.159610584378 0.499733
5 200 -0.181320130825 0.49973
5 250 -0.216216564178 0.499726
5 300 -0.114797361195 0.499723
5 350 -0.0714948996902 0.49972
5 400 -0.200595527887 0.499715
5 450 -0.323906362057 0.499713
5 500 -0.193662315607 0.49971
5 550 -0.340633034706 0.499706
valid_acc 93.54
best valid_acc 93.54
6 0 -0.0892011150718 0.499702
6 50 -0.144193530083 0.499697
6 100 -0.136988043785 0.499693
6 150 -0.317778676748 0.49969
6 200 -0.106384411454 0.499687
6 250 -0.0975302010775 0.499685
6 300 -0.175765573978 0.499681
6 350 -0.286415368319 0.499677
6 400 -0.245506078005 0.499674
6 450 -0.17896951735 0.49967
6 500 -0.219497591257 0.499667
6 550 -0.402145802975 0.499663
valid_acc 93.81333333333333
best valid_acc 93.81333333333333
7 0 -0.204193457961 0.499658
7 50 -0.191310599446 0.499654
7 100 -0.192902714014 0.49965
7 150 -0.0331466943026 0.499647
7 200 -0.103474207222 0.499645
7 250 -0.193377554417 0.499641
7 300 -0.145345494151 0.499639
7 350 -0.197343811393 0.499636
7 400 -0.0692046284676 0.499635
7 450 -0.107192210853 0.499633
7 500 -0.215392291546 0.49963
7 550 -0.0848183035851 0.499626
valid_acc 94.14666666666666
best valid_acc 94.14666666666666
8 0 -0.083356000483 0.499625
8 50 -0.139727205038 0.499623
8 100 -0.0705780535936 0.49962
8 150 -0.0941164940596 0.499618
8 200 -0.133878052235 0.499615
8 250 -0.245417892933 0.499612
8 300 -0.249788343906 0.49961
8 350 -0.219517186284 0.499606
8 400 -0.108680278063 0.499605
8 450 -0.150506094098 0.499601
8 500 -0.127909764647 0.499599
8 550 -0.208921134472 0.499597
valid_acc 94.19999999999999
best valid_acc 94.19999999999999
9 0 -0.165578976274 0.499594
9 50 -0.386201411486 0.49959
9 100 -0.139205724001 0.49959
9 150 -0.0881877243519 0.499588
9 200 -0.313039004803 0.499586
9 250 -0.330029517412 0.499583
9 300 -0.0653900876641 0.499582
9 350 -0.104401104152 0.499579
9 400 -0.0447245649993 0.499577
9 450 -0.0391568094492 0.499575
9 500 -0.363929599524 0.499572
9 550 -0.0421514213085 0.499571
valid_acc 94.29166666666666
best valid_acc 94.29166666666666
10 0 -0.116562776268 0.499568
10 50 -0.138054475188 0.499565
10 100 -0.167266011238 0.499562
10 150 -0.131037697196 0.49956
10 200 -0.262011021376 0.499558
10 250 -0.135057404637 0.499557
10 300 -0.0529434904456 0.499554
10 350 -0.0308799818158 0.499553
10 400 -0.101734094322 0.499551
10 450 -0.0855715498328 0.49955
10 500 -0.0304085556418 0.499546
10 550 -0.129788413644 0.499546
valid_acc 94.37166666666667
best valid_acc 94.37166666666667
11 0 -0.158629775047 0.499543
11 50 -0.0402212515473 0.499541
11 100 -0.245451360941 0.499539
11 150 -0.0438430607319 0.499537
11 200 -0.138800233603 0.499534
11 250 -0.198217749596 0.499533
11 300 -0.275423228741 0.49953
11 350 -0.243659541011 0.499527
11 400 -0.266272068024 0.499527
11 450 -0.121278040111 0.499525
11 500 -0.318716019392 0.499523
11 550 -0.106904819608 0.49952
valid_acc 94.68833333333333
best valid_acc 94.68833333333333
12 0 -0.324109464884 0.499517
12 50 -0.155838027596 0.499517
12 100 -0.185098916292 0.499516
12 150 -0.13766387105 0.499514
12 200 -0.0288496538997 0.499513
12 250 -0.114294946194 0.499511
12 300 -0.181247293949 0.49951
12 350 -0.248570665717 0.499507
12 400 -0.175232052803 0.499505
12 450 -0.168036803603 0.499504
12 500 -0.0747077465057 0.499503
12 550 -0.0666745528579 0.499501
valid_acc 94.71333333333334
best valid_acc 94.71333333333334
13 0 -0.141712591052 0.499501
13 50 -0.1186484918 0.499499
13 100 -0.0426665022969 0.499498
13 150 -0.219371393323 0.499496
13 200 -0.101178534329 0.499496
13 250 -0.183930456638 0.499494
13 300 -0.129823327065 0.499494
13 350 -0.097998611629 0.499493
13 400 -0.0814436972141 0.499493
13 450 -0.2239125669 0.499491
13 500 -0.0616641193628 0.499489
13 550 -0.103082276881 0.499489
valid_acc 95.14
best valid_acc 95.14
14 0 -0.173141270876 0.499487
14 50 -0.0741439834237 0.499485
14 100 -0.118842951953 0.499485
14 150 -0.205211937428 0.499484
14 200 -0.104051344097 0.499483
14 250 -0.17750659585 0.499482
14 300 -0.118888169527 0.499481
14 350 -0.114137925208 0.49948
14 400 -0.120207853615 0.499478
14 450 -0.071790151298 0.499477
14 500 -0.22294421494 0.499475
14 550 -0.105679295957 0.499474
valid_acc 94.90333333333332
15 0 -0.0884524732828 0.499474
15 50 -0.0692839622498 0.499472
15 100 -0.281730830669 0.499471
15 150 -0.0645487233996 0.499471
15 200 -0.210501015186 0.499469
15 250 -0.102178886533 0.499469
15 300 -0.20962652564 0.499468
15 350 -0.0842512249947 0.499466
15 400 -0.0423102751374 0.499465
15 450 -0.0108550749719 0.499464
15 500 -0.19195535779 0.499462
15 550 -0.362492471933 0.499461
valid_acc 95.02000000000001
16 0 -0.148928999901 0.499459
16 50 -0.114008188248 0.499459
16 100 -0.289046317339 0.499457
16 150 -0.0675603672862 0.499456
16 200 -0.171112924814 0.499456
16 250 -0.202824860811 0.499455
16 300 -0.1108886078 0.499453
16 350 -0.13348133862 0.499451
16 400 -0.0412498563528 0.499451
16 450 -0.113967888057 0.499449
16 500 -0.137210935354 0.499448
16 550 -0.128266662359 0.499447
valid_acc 95.14166666666667
best valid_acc 95.14166666666667
17 0 -0.174512565136 0.499447
17 50 -0.0272730253637 0.499445
17 100 -0.0378642901778 0.499445
17 150 -0.0613293163478 0.499444
17 200 -0.0805985853076 0.499442
17 250 -0.124382399023 0.499441
17 300 -0.0878797993064 0.49944
17 350 -0.109137669206 0.499438
17 400 -0.128826886415 0.499438
17 450 -0.339542150497 0.499437
17 500 -0.323530048132 0.499436
17 550 -0.0158323794603 0.499435
valid_acc 95.24166666666667
best valid_acc 95.24166666666667
18 0 -0.0784106180072 0.499434
18 50 -0.188578203321 0.499433
18 100 -0.261338889599 0.499432
18 150 -0.0638675913215 0.499431
18 200 -0.0544172488153 0.499431
18 250 -0.146231323481 0.49943
18 300 -0.0167467091233 0.499429
18 350 -0.196065619588 0.499429
18 400 -0.0914062783122 0.499427
18 450 -0.255861073732 0.499426
18 500 -0.0189281962812 0.499427
18 550 -0.112063162029 0.499426
valid_acc 95.27166666666666
best valid_acc 95.27166666666666
19 0 -0.0902204588056 0.499425
19 50 -0.0354752168059 0.499422
19 100 -0.0465972945094 0.499422
19 150 -0.0300935674459 0.499422
19 200 -0.049264870584 0.499422
19 250 -0.0757004991174 0.499421
19 300 -0.0509345158935 0.499421
19 350 -0.116544984281 0.49942
19 400 -0.366472393274 0.49942
19 450 -0.153634279966 0.499419
19 500 -0.201813489199 0.499418
19 550 -0.189228832722 0.499418
valid_acc 95.82000000000001
best valid_acc 95.82000000000001
20 0 -0.221125811338 0.499417
20 50 -0.0329346545041 0.499415
20 100 -0.181578844786 0.499415
20 150 -0.118987485766 0.499414
20 200 -0.0639729201794 0.499414
20 250 -0.0462218075991 0.499412
20 300 -0.199134469032 0.499412
20 350 -0.0642810761929 0.499412
20 400 -0.121201843023 0.499411
20 450 -0.170272901654 0.49941
20 500 -0.104535534978 0.499409
20 550 -0.199692547321 0.49941
valid_acc 96.00166666666667
best valid_acc 96.00166666666667
21 0 -0.0616301260889 0.499408
21 50 -0.151256263256 0.499408
21 100 -0.39920565486 0.499408
21 150 -0.0485293865204 0.499408
21 200 -0.0921761617064 0.499408
21 250 -0.028801009059 0.499406
21 300 -0.0274438634515 0.499406
21 350 -0.105917967856 0.499405
21 400 -0.0319224894047 0.499404
21 450 -0.19853156805 0.499405
21 500 -0.148648560047 0.499404
21 550 -0.195542484522 0.499403
valid_acc 95.935
22 0 -0.0526036582887 0.499404
22 50 -0.199135303497 0.499403
22 100 -0.0710543617606 0.499402
22 150 -0.0955773815513 0.499401
22 200 -0.0488966144621 0.4994
22 250 -0.0388111285865 0.4994
22 300 -0.101787783206 0.499401
22 350 -0.0347928851843 0.499399
22 400 -0.0181008260697 0.499398
22 450 -0.113170325756 0.499398
22 500 -0.0700334608555 0.499398
22 550 -0.0193949397653 0.499397
valid_acc 95.99166666666666
23 0 -0.349896997213 0.499397
23 50 -0.139144778252 0.499397
23 100 -0.171846330166 0.499397
23 150 -0.0708420947194 0.499396
23 200 -0.121817499399 0.499397
23 250 -0.0640778318048 0.499396
23 300 -0.0962261557579 0.499396
23 350 -0.0568152479827 0.499395
23 400 -0.0964512228966 0.499396
23 450 -0.0979036390781 0.499396
23 500 -0.108779132366 0.499394
23 550 -0.0947959125042 0.499394
valid_acc 96.07666666666667
best valid_acc 96.07666666666667
24 0 -0.0287942569703 0.499395
24 50 -0.099549151957 0.499393
24 100 -0.0651826709509 0.499393
24 150 -0.0538749694824 0.499393
24 200 -0.135508313775 0.499394
24 250 -0.0810029283166 0.499392
24 300 -0.0196943823248 0.499393
24 350 -0.0918157994747 0.499392
24 400 -0.128061369061 0.49939
24 450 -0.0777899101377 0.499391
24 500 -0.0458428524435 0.499391
24 550 -0.189397871494 0.49939
valid_acc 95.98
25 0 -0.0225613862276 0.499389
25 50 -0.08132032305 0.499388
25 100 -0.173634454608 0.499388
25 150 -0.221759602427 0.499388
25 200 -0.154405817389 0.499388
25 250 -0.216834127903 0.499388
25 300 -0.124765492976 0.499387
25 350 -0.0969883725047 0.499388
25 400 -0.092465095222 0.499386
25 450 -0.141955330968 0.499387
25 500 -0.211974263191 0.499387
25 550 -0.0269640609622 0.499386
valid_acc 95.93666666666667
26 0 -0.0996806249022 0.499386
26 50 -0.0645955353975 0.499385
26 100 -0.0818014591932 0.499385
26 150 -0.185978710651 0.499384
26 200 -0.143457457423 0.499383
26 250 -0.0333241783082 0.499384
26 300 -0.251150786877 0.499384
26 350 -0.0313219577074 0.499383
26 400 -0.062714420259 0.499383
26 450 -0.0436434298754 0.499383
26 500 -0.0727883204818 0.499382
26 550 -0.0461703650653 0.499383
valid_acc 96.06833333333333
27 0 -0.0648767948151 0.499383
27 50 -0.24534034729 0.499381
27 100 -0.0872727781534 0.499382
27 150 -0.0652114376426 0.499382
27 200 -0.047542270273 0.499381
27 250 -0.19567848742 0.499382
27 300 -0.112299613655 0.499382
27 350 -0.0505229942501 0.499381
27 400 -0.0813530832529 0.49938
27 450 -0.114510431886 0.49938
27 500 -0.0701710358262 0.499381
27 550 -0.0802120268345 0.499381
valid_acc 96.01333333333332
28 0 -0.0342957079411 0.499379
28 50 -0.0394467078149 0.499378
28 100 -0.0533255971968 0.499379
28 150 -0.102339752018 0.499379
28 200 -0.0934831127524 0.499378
28 250 -0.0542767867446 0.499378
28 300 -0.113361246884 0.499378
28 350 -0.0539487302303 0.499378
28 400 -0.151213645935 0.499377
28 450 -0.102876968682 0.499377
28 500 -0.0135418884456 0.499376
28 550 -0.113208666444 0.499377
valid_acc 96.35833333333333
best valid_acc 96.35833333333333
29 0 -0.0994555279613 0.499378
29 50 -0.0213754419237 0.499377
29 100 -0.0628556534648 0.499377
29 150 -0.15291018784 0.499376
29 200 -0.0604557283223 0.499375
29 250 -0.0546117797494 0.499376
29 300 -0.0390237532556 0.499376
29 350 -0.105995848775 0.499376
29 400 -0.0494135953486 0.499376
29 450 -0.0612900294363 0.499376
29 500 -0.0572491176426 0.499376
29 550 -0.120170325041 0.499375
valid_acc 96.25166666666667
30 0 -0.0661879703403 0.499375
30 50 -0.139142304659 0.499374
30 100 -0.0954469367862 0.499373
30 150 -0.0311492327601 0.499373
30 200 -0.0736777633429 0.499373
30 250 -0.0598510839045 0.499374
30 300 -0.101662427187 0.499373
30 350 -0.126369908452 0.499373
30 400 -0.0804552808404 0.499373
30 450 -0.136990353465 0.499372
30 500 -0.0550012812018 0.499371
30 550 -0.0287583209574 0.499372
valid_acc 96.24666666666667
