Debug xNES function
1 0 -2.30035305023 0.499999
1 50 -1.89498865604 0.499991
1 100 -0.942865848541 0.499983
1 150 -0.699365794659 0.499976
1 200 -0.455865591764 0.499971
1 250 -0.591157913208 0.499965
1 300 -0.324241489172 0.49996
1 350 -0.348995089531 0.499955
1 400 -0.333941340446 0.499949
1 450 -0.413568645716 0.499943
1 500 -0.380665183067 0.499938
1 550 -0.452065229416 0.499932
valid_acc 87.96333333333334
best valid_acc 87.96333333333334
2 0 -0.371418714523 0.499926
2 50 -0.271884530783 0.49992
2 100 -0.520288646221 0.499915
2 150 -0.322599589825 0.499909
2 200 -0.32918381691 0.499904
2 250 -0.485655933619 0.499898
2 300 -0.305477440357 0.499893
2 350 -0.277843087912 0.499888
2 400 -0.394388049841 0.499882
2 450 -0.183160975575 0.499877
2 500 -0.131698071957 0.499871
2 550 -0.510713934898 0.499866
valid_acc 91.10666666666667
best valid_acc 91.10666666666667
3 0 -0.247347176075 0.499861
3 50 -0.252276003361 0.499855
3 100 -0.219605252147 0.499849
3 150 -0.380950778723 0.499843
3 200 -0.223390758038 0.499839
3 250 -0.269350707531 0.499833
3 300 -0.142723843455 0.499829
3 350 -0.329638659954 0.499822
3 400 -0.181788370013 0.499817
3 450 -0.112019173801 0.499812
3 500 -0.171566054225 0.499807
3 550 -0.222185000777 0.499802
valid_acc 91.86666666666666
best valid_acc 91.86666666666666
4 0 -0.339791804552 0.499797
4 50 -0.23286819458 0.499792
4 100 -0.185564726591 0.499787
4 150 -0.392528414726 0.499783
4 200 -0.159713760018 0.499777
4 250 -0.150840744376 0.499772
4 300 -0.480299264193 0.499769
4 350 -0.140194565058 0.499764
4 400 -0.208728387952 0.499759
4 450 -0.290432453156 0.499755
4 500 -0.169668823481 0.499751
4 550 -0.25196197629 0.499745
valid_acc 92.37333333333333
best valid_acc 92.37333333333333
5 0 -0.121428795159 0.49974
5 50 -0.284667670727 0.499735
5 100 -0.0635316818953 0.499731
5 150 -0.20988227427 0.499726
5 200 -0.110175646842 0.499722
5 250 -0.166795253754 0.499719
5 300 -0.201492875814 0.499715
5 350 -0.0881006270647 0.499712
5 400 -0.223262742162 0.499706
5 450 -0.313484638929 0.499703
5 500 -0.167485803366 0.499698
5 550 -0.248145923018 0.499694
valid_acc 93.45166666666667
best valid_acc 93.45166666666667
6 0 -0.146066054702 0.499689
6 50 -0.116033151746 0.499685
6 100 -0.117462933064 0.499681
6 150 -0.319857031107 0.499677
6 200 -0.142154440284 0.499673
6 250 -0.115182943642 0.49967
6 300 -0.179119229317 0.499666
6 350 -0.447043836117 0.499663
6 400 -0.242057725787 0.49966
6 450 -0.134267225862 0.499655
6 500 -0.115823030472 0.499651
6 550 -0.265437752008 0.499648
valid_acc 93.62
best valid_acc 93.62
7 0 -0.175736412406 0.499645
7 50 -0.199520930648 0.499642
7 100 -0.162731081247 0.49964
7 150 -0.0919160544872 0.499636
7 200 -0.0946816802025 0.499634
7 250 -0.0600431077182 0.499631
7 300 -0.146271839738 0.499627
7 350 -0.185859411955 0.499624
7 400 -0.0831156820059 0.499621
7 450 -0.148470818996 0.499619
7 500 -0.173409759998 0.499617
7 550 -0.117005102336 0.499614
valid_acc 94.04
best valid_acc 94.04
8 0 -0.095222197473 0.499612
8 50 -0.152501448989 0.49961
8 100 -0.0389222241938 0.499608
8 150 -0.0670391172171 0.499606
8 200 -0.125644028187 0.499603
8 250 -0.212655112147 0.499599
8 300 -0.262452989817 0.499595
8 350 -0.150778204203 0.499593
8 400 -0.0827046185732 0.499591
8 450 -0.161357328296 0.499587
8 500 -0.245042100549 0.499583
8 550 -0.115592576563 0.499581
valid_acc 94.06166666666667
best valid_acc 94.06166666666667
9 0 -0.205856174231 0.499579
9 50 -0.313669234514 0.499577
9 100 -0.0766930654645 0.499574
9 150 -0.149020388722 0.499571
9 200 -0.223039060831 0.499568
9 250 -0.507139086723 0.499566
9 300 -0.0678969323635 0.499565
9 350 -0.082393437624 0.499562
9 400 -0.14659358561 0.49956
9 450 -0.227039664984 0.499557
9 500 -0.259985625744 0.499554
9 550 -0.0506329014897 0.499552
valid_acc 94.53166666666667
best valid_acc 94.53166666666667
10 0 -0.0879554525018 0.49955
10 50 -0.16080981493 0.499548
10 100 -0.0909644290805 0.499544
10 150 -0.153093159199 0.499542
10 200 -0.0583513751626 0.49954
10 250 -0.0212501790375 0.499538
10 300 -0.0913460627198 0.499536
10 350 -0.0543018467724 0.499533
10 400 -0.152531579137 0.49953
10 450 -0.0726663544774 0.499528
10 500 -0.0354469045997 0.499525
10 550 -0.166735783219 0.499522
valid_acc 94.78666666666666
best valid_acc 94.78666666666666
11 0 -0.132636711001 0.499519
11 50 -0.0287200212479 0.499518
11 100 -0.178046688437 0.499516
11 150 -0.0451508127153 0.499513
11 200 -0.255077570677 0.499512
11 250 -0.207236766815 0.49951
11 300 -0.230714738369 0.499507
11 350 -0.279899269342 0.499507
11 400 -0.292835742235 0.499505
11 450 -0.241821244359 0.499503
11 500 -0.227221682668 0.499502
11 550 -0.10828384757 0.499499
valid_acc 94.65
12 0 -0.208922818303 0.499496
12 50 -0.14310438931 0.499495
12 100 -0.226806282997 0.499494
12 150 -0.172425448895 0.499494
12 200 -0.0867003053427 0.499492
12 250 -0.21171683073 0.499491
12 300 -0.122334547341 0.499489
12 350 -0.214600026608 0.499487
12 400 -0.0623785108328 0.499485
12 450 -0.0556459985673 0.499481
12 500 -0.0745872557163 0.499479
12 550 -0.0518562421203 0.499479
valid_acc 94.54
13 0 -0.253773331642 0.499477
13 50 -0.193969786167 0.499474
13 100 -0.0471197813749 0.499473
13 150 -0.233468726277 0.499471
13 200 -0.0909604430199 0.499468
13 250 -0.162915721536 0.499466
13 300 -0.080377265811 0.499465
13 350 -0.0697640776634 0.499463
13 400 -0.192663341761 0.499463
13 450 -0.0565909892321 0.499461
13 500 -0.097922116518 0.499459
13 550 -0.133531451225 0.499459
valid_acc 95.09
best valid_acc 95.09
14 0 -0.223384648561 0.499457
14 50 -0.0545164458454 0.499455
14 100 -0.25452876091 0.499454
14 150 -0.104663938284 0.499453
14 200 -0.0558718256652 0.499452
14 250 -0.15686480701 0.49945
14 300 -0.076282069087 0.499449
14 350 -0.0409843809903 0.499446
14 400 -0.171387881041 0.499445
14 450 -0.0214777570218 0.499445
14 500 -0.301442027092 0.499443
14 550 -0.139545589685 0.499441
valid_acc 95.25166666666667
best valid_acc 95.25166666666667
15 0 -0.124151811004 0.499441
15 50 -0.121613532305 0.499439
15 100 -0.37444087863 0.499438
15 150 -0.0696113929152 0.499437
15 200 -0.347958803177 0.499437
15 250 -0.154799640179 0.499433
15 300 -0.110954791307 0.499432
15 350 -0.103035852313 0.499432
15 400 -0.0324507802725 0.499432
15 450 -0.00564203318208 0.499431
15 500 -0.151823863387 0.499429
15 550 -0.377737134695 0.499429
valid_acc 95.28333333333333
best valid_acc 95.28333333333333
16 0 -0.0638812556863 0.499426
16 50 -0.128106951714 0.499426
16 100 -0.0581377856433 0.499426
16 150 -0.0669717937708 0.499424
16 200 -0.0517256818712 0.499423
16 250 -0.0995586141944 0.499422
16 300 -0.250607967377 0.499422
16 350 -0.0935362875462 0.499419
16 400 -0.0494163706899 0.499419
16 450 -0.0188810415566 0.499418
16 500 -0.0672294199467 0.499416
16 550 -0.0960952937603 0.499416
valid_acc 95.55666666666667
best valid_acc 95.55666666666667
17 0 -0.158279657364 0.499415
17 50 -0.0121773704886 0.499414
17 100 -0.0343573205173 0.499414
17 150 -0.0776970013976 0.499413
17 200 -0.253486812115 0.499411
17 250 -0.0791789889336 0.499411
17 300 -0.0726471319795 0.499409
17 350 -0.0718842074275 0.49941
17 400 -0.0930297747254 0.499408
17 450 -0.427883505821 0.499407
17 500 -0.236859470606 0.499405
17 550 -0.0529666692019 0.499405
valid_acc 95.585
best valid_acc 95.585
18 0 -0.195497527719 0.499404
18 50 -0.139008030295 0.499402
18 100 -0.323395758867 0.499402
18 150 -0.0651547312737 0.499401
18 200 -0.102367632091 0.4994
18 250 -0.106537096202 0.499399
18 300 -0.0863618552685 0.499399
18 350 -0.157503068447 0.499397
18 400 -0.115369558334 0.499396
18 450 -0.169410139322 0.499395
18 500 -0.0671328902245 0.499395
18 550 -0.0717205703259 0.499395
valid_acc 95.72500000000001
best valid_acc 95.72500000000001
19 0 -0.0181549992412 0.499394
19 50 -0.0293222479522 0.499392
19 100 -0.0663275420666 0.499391
19 150 -0.0122015653178 0.49939
19 200 -0.0564936026931 0.49939
19 250 -0.106109730899 0.499391
19 300 -0.0956923514605 0.49939
19 350 -0.0549388229847 0.499389
19 400 -0.177759349346 0.499389
19 450 -0.055167041719 0.499388
19 500 -0.213099047542 0.499387
19 550 -0.0961296260357 0.499387
valid_acc 95.655
20 0 -0.136901825666 0.499386
20 50 -0.0545128770173 0.499385
20 100 -0.0719905719161 0.499385
20 150 -0.10942684114 0.499383
20 200 -0.0714895278215 0.499382
20 250 -0.0292804017663 0.499382
20 300 -0.0232634916902 0.499382
20 350 -0.107113815844 0.499381
20 400 -0.189215108752 0.499381
20 450 -0.0690776780248 0.49938
20 500 -0.0922523289919 0.49938
20 550 -0.107990704477 0.499381
valid_acc 96.28666666666666
best valid_acc 96.28666666666666
21 0 -0.0477947518229 0.49938
21 50 -0.0688883140683 0.49938
21 100 -0.302137762308 0.49938
21 150 -0.0467805564404 0.499377
21 200 -0.0162541568279 0.499377
21 250 -0.0545430034399 0.499377
21 300 -0.0203969385475 0.499375
21 350 -0.103157550097 0.499375
21 400 -0.0253698285669 0.499375
21 450 -0.347682982683 0.499374
21 500 -0.130990236998 0.499374
21 550 -0.175680652261 0.499373
valid_acc 96.14
22 0 -0.0632495135069 0.499372
22 50 -0.150864645839 0.499371
22 100 -0.0356281548738 0.499372
22 150 -0.160025507212 0.499369
22 200 -0.0822086036205 0.49937
22 250 -0.0682722479105 0.499369
22 300 -0.0743304938078 0.499368
22 350 -0.122599266469 0.499368
22 400 -0.0293294936419 0.499368
22 450 -0.0731724202633 0.499367
22 500 -0.0785253196955 0.499366
22 550 -0.0106648802757 0.499365
valid_acc 96.14
23 0 -0.372781604528 0.499365
23 50 -0.0798932984471 0.499364
23 100 -0.168702453375 0.499365
23 150 -0.0356371104717 0.499364
23 200 -0.0290110055357 0.499363
23 250 -0.0326243750751 0.499363
23 300 -0.134845003486 0.499363
23 350 -0.0931522920728 0.499362
23 400 -0.0820463299751 0.499363
23 450 -0.0348679162562 0.499362
23 500 -0.0289220269769 0.499361
23 550 -0.108626782894 0.499361
valid_acc 96.38333333333333
best valid_acc 96.38333333333333
24 0 -0.0249016713351 0.499361
24 50 -0.104030005634 0.499361
24 100 -0.0454548150301 0.499361
24 150 -0.0435897856951 0.49936
24 200 -0.0843768045306 0.499359
24 250 -0.0533084832132 0.49936
24 300 -0.0312901288271 0.49936
24 350 -0.0816101059318 0.499358
24 400 -0.185967832804 0.499358
24 450 -0.0796177238226 0.499358
24 500 -0.0182210896164 0.499357
24 550 -0.0664946064353 0.499357
valid_acc 96.355
25 0 -0.0287675671279 0.499357
25 50 -0.031687412411 0.499357
25 100 -0.0593547523022 0.499357
25 150 -0.193715274334 0.499356
25 200 -0.0499830581248 0.499356
25 250 -0.0527006909251 0.499355
25 300 -0.109411351383 0.499356
25 350 -0.151625320315 0.499355
25 400 -0.0925975963473 0.499354
25 450 -0.0637181252241 0.499353
25 500 -0.230501651764 0.499353
25 550 -0.0212498735636 0.499353
valid_acc 96.41
best valid_acc 96.41
26 0 -0.0771404206753 0.499353
26 50 -0.0550831221044 0.499351
26 100 -0.151877760887 0.499352
26 150 -0.0220378302038 0.499351
26 200 -0.0658711716533 0.49935
26 250 -0.0379513651133 0.49935
26 300 -0.147151440382 0.499349
26 350 -0.0422499626875 0.49935
26 400 -0.101492568851 0.499349
26 450 -0.0311159323901 0.499348
26 500 -0.0384364239872 0.499346
26 550 -0.0370340831578 0.499347
valid_acc 96.50666666666666
best valid_acc 96.50666666666666
27 0 -0.0588556528091 0.499346
27 50 -0.319130986929 0.499347
27 100 -0.039808049798 0.499345
27 150 -0.0390730127692 0.499346
27 200 -0.0283044427633 0.499345
27 250 -0.283056467772 0.499345
27 300 -0.054838038981 0.499345
27 350 -0.0354321375489 0.499344
27 400 -0.0567809641361 0.499344
27 450 -0.0235218480229 0.499345
27 500 -0.0934215933084 0.499344
27 550 -0.0476490221918 0.499343
valid_acc 96.565
best valid_acc 96.565
28 0 -0.053244587034 0.499343
28 50 -0.0759701952338 0.499343
28 100 -0.0354766957462 0.499342
28 150 -0.0227004028857 0.499343
28 200 -0.0495880320668 0.499342
28 250 -0.10570821166 0.499342
28 300 -0.145634770393 0.499342
28 350 -0.0711476132274 0.499341
28 400 -0.075795866549 0.499341
28 450 -0.04007518664 0.499339
28 500 -0.0175522919744 0.49934
28 550 -0.100679181516 0.499339
valid_acc 96.66666666666667
best valid_acc 96.66666666666667
29 0 -0.249578744173 0.499339
29 50 -0.034723199904 0.49934
29 100 -0.0201836302876 0.499339
29 150 -0.101205036044 0.499339
29 200 -0.0577998012304 0.499339
29 250 -0.0948038548231 0.499338
29 300 -0.0138689791784 0.499339
29 350 -0.0647722184658 0.499339
29 400 -0.0950781926513 0.499339
29 450 -0.0323257818818 0.499338
29 500 -0.0370203368366 0.499337
29 550 -0.0923846065998 0.499337
valid_acc 96.71499999999999
best valid_acc 96.71499999999999
30 0 -0.0447979308665 0.499337
30 50 -0.0339932143688 0.499336
30 100 -0.104599975049 0.499335
30 150 -0.0159034021199 0.499337
30 200 -0.0815605074167 0.499336
30 250 -0.157028064132 0.499336
30 300 -0.107130996883 0.499335
30 350 -0.108122989535 0.499334
30 400 -0.0631469786167 0.499334
30 450 -0.110840246081 0.499334
30 500 -0.0139422630891 0.499334
30 550 -0.0323599129915 0.499335
valid_acc 96.65166666666667
31 0 -0.183211401105 0.499333
31 50 -0.0866450294852 0.499333
31 100 -0.0237170383334 0.499333
31 150 -0.0253725238144 0.499333
31 200 -0.0570782534778 0.499333
31 250 -0.219059318304 0.499332
31 300 -0.0709701180458 0.499333
31 350 -0.0320491679013 0.499333
31 400 -0.0906139761209 0.499332
31 450 -0.265856534243 0.499333
31 500 -0.0859606042504 0.499332
31 550 -0.103512980044 0.499331
valid_acc 96.755
best valid_acc 96.755
32 0 -0.0346427112818 0.499332
32 50 -0.0506525598466 0.499331
32 100 -0.0895295068622 0.49933
32 150 -0.0232842732221 0.49933
32 200 -0.0251846928149 0.49933
32 250 -0.0263735540211 0.49933
32 300 -0.0204345528036 0.49933
32 350 -0.0821570232511 0.49933
32 400 -0.0700216665864 0.49933
32 450 -0.129260733724 0.499329
32 500 -0.159176498652 0.49933
32 550 -0.0639463365078 0.49933
valid_acc 96.885
best valid_acc 96.885
33 0 -0.264438450336 0.499329
33 50 -0.0165717452765 0.499329
33 100 -0.081521011889 0.49933
33 150 -0.0633319169283 0.49933
33 200 -0.0456849448383 0.499329
33 250 -0.031799569726 0.499329
33 300 -0.0451947003603 0.49933
33 350 -0.118115127087 0.499329
33 400 -0.0680419057608 0.499329
33 450 -0.0543307363987 0.499328
33 500 -0.0667055994272 0.499328
33 550 -0.0778971537948 0.499329
valid_acc 96.87833333333333
34 0 -0.0461037047207 0.499328
34 50 -0.0999849513173 0.499328
34 100 -0.136571824551 0.499328
34 150 -0.0545878186822 0.499327
34 200 -0.00905500631779 0.499328
34 250 -0.0748547241092 0.499328
34 300 -0.087729819119 0.499327
34 350 -0.0533334985375 0.499328
34 400 -0.0859071239829 0.499327
34 450 -0.169624477625 0.499327
34 500 -0.0339350327849 0.499328
34 550 -0.0788980349898 0.499327
valid_acc 96.93666666666667
best valid_acc 96.93666666666667
35 0 -0.0259660407901 0.499328
35 50 -0.0843534693122 0.499327
35 100 -0.0350899845362 0.499327
35 150 -0.107804596424 0.499326
35 200 -0.02134812437 0.499327
35 250 -0.0427773222327 0.499327
35 300 -0.0844606459141 0.499327
35 350 -0.157708972692 0.499327
35 400 -0.0436442010105 0.499327
35 450 -0.296782612801 0.499327
35 500 -0.0463124290109 0.499327
35 550 -0.0812123790383 0.499326
valid_acc 96.95
best valid_acc 96.95
36 0 -0.06350466609 0.499326
36 50 -0.123495675623 0.499326
36 100 -0.0388128384948 0.499326
36 150 -0.0262608379126 0.499327
36 200 -0.0261591859162 0.499327
36 250 -0.0616721026599 0.499326
36 300 -0.0955692455173 0.499325
36 350 -0.0405203290284 0.499325
36 400 -0.0292987916619 0.499325
36 450 -0.0660207718611 0.499324
36 500 -0.0480364710093 0.499324
36 550 -0.0919456109405 0.499324
valid_acc 96.98666666666666
best valid_acc 96.98666666666666
37 0 -0.0655461102724 0.499325
37 50 -0.0724648535252 0.499324
37 100 -0.0630150660872 0.499324
37 150 -0.0651020035148 0.499325
37 200 -0.0145823489875 0.499325
37 250 -0.0474265441298 0.499324
37 300 -0.127857670188 0.499324
37 350 -0.0349374860525 0.499325
37 400 -0.0885604918003 0.499324
37 450 -0.0708882883191 0.499324
37 500 -0.0140703506768 0.499324
37 550 -0.0626871809363 0.499324
valid_acc 96.99666666666667
best valid_acc 96.99666666666667
38 0 -0.122924022377 0.499324
38 50 -0.19667673111 0.499324
38 100 -0.187308773398 0.499323
38 150 -0.0996074452996 0.499323
38 200 -0.0950595065951 0.499323
38 250 -0.105826213956 0.499323
38 300 -0.0299763064831 0.499323
38 350 -0.0631345510483 0.499323
38 400 -0.0140106547624 0.499323
38 450 -0.0534046180546 0.499323
38 500 -0.0595645755529 0.499323
38 550 -0.137830138206 0.499323
valid_acc 97.13666666666667
best valid_acc 97.13666666666667
39 0 -0.0553578697145 0.499323
39 50 -0.0203467831016 0.499323
39 100 -0.0616617240012 0.499323
39 150 -0.0646634623408 0.499324
39 200 -0.0909312069416 0.499323
39 250 -0.0616088435054 0.499323
39 300 -0.0697210803628 0.499323
39 350 -0.0931627675891 0.499322
39 400 -0.0740897729993 0.499322
39 450 -0.0468237437308 0.499322
39 500 -0.0119069926441 0.499322
39 550 -0.0367207042873 0.499322
valid_acc 97.03333333333333
40 0 -0.0639093369246 0.499321
40 50 -0.00679338769987 0.499322
40 100 -0.0494439899921 0.499321
40 150 -0.0192653480917 0.499322
40 200 -0.10959213227 0.499321
40 250 -0.163281217217 0.499322
40 300 -0.0504816807806 0.499322
40 350 -0.0447901934385 0.499321
40 400 -0.184883981943 0.499321
40 450 -0.0321351438761 0.499321
40 500 -0.102024190128 0.499321
40 550 -0.0488558523357 0.49932
valid_acc 97.08166666666666
41 0 -0.100819282234 0.499322
41 50 -0.142367184162 0.499322
41 100 -0.0474223457277 0.499321
41 150 -0.0297256652266 0.499321
41 200 -0.102005541325 0.499322
41 250 -0.238665521145 0.499322
41 300 -0.0571268051863 0.499321
41 350 -0.0620950311422 0.499321
41 400 -0.277723044157 0.499322
41 450 -0.0288135576993 0.499322
41 500 -0.0418119542301 0.49932
41 550 -0.0955213755369 0.499321
valid_acc 97.19
best valid_acc 97.19
42 0 -0.0486959964037 0.499322
42 50 -0.108565397561 0.49932
42 100 -0.0229267328978 0.49932
42 150 -0.10724067688 0.49932
42 200 -0.0300379619002 0.49932
42 250 -0.14909003675 0.49932
42 300 -0.109510444105 0.49932
42 350 -0.123881690204 0.499319
42 400 -0.0386364907026 0.49932
42 450 -0.0258762668818 0.49932
42 500 -0.0100806094706 0.49932
42 550 -0.0684409737587 0.49932
valid_acc 97.02499999999999
43 0 -0.0944847017527 0.49932
43 50 -0.0526066683233 0.499319
43 100 -0.0284966547042 0.499319
43 150 -0.0345103852451 0.499319
43 200 -0.0242921169847 0.499319
43 250 -0.0197499208152 0.499319
43 300 -0.0987609401345 0.499319
43 350 -0.0598458684981 0.499319
43 400 -0.0112184891477 0.49932
43 450 -0.00887443032116 0.499319
43 500 -0.0207740999758 0.499319
43 550 -0.0296510215849 0.499319
valid_acc 97.15166666666667
44 0 -0.0275953188539 0.499319
44 50 -0.0411480553448 0.499318
44 100 -0.191215083003 0.499318
44 150 -0.0535199791193 0.499319
44 200 -0.0617913529277 0.499318
44 250 -0.0438005812466 0.499318
44 300 -0.0221595428884 0.499317
44 350 -0.0637412518263 0.499317
44 400 -0.0257742479444 0.499317
44 450 -0.0844839066267 0.499318
44 500 -0.0236389152706 0.499317
44 550 -0.0201674588025 0.499317
valid_acc 97.15
45 0 -0.0920808762312 0.499316
45 50 -0.0630523115396 0.499316
45 100 -0.128910154104 0.499316
45 150 -0.0135091552511 0.499317
45 200 -0.0196380820125 0.499315
45 250 -0.0920439213514 0.499316
45 300 -0.0415959246457 0.499316
45 350 -0.0363545976579 0.499316
45 400 -0.18246807158 0.499314
45 450 -0.0418995469809 0.499316
45 500 -0.13521592319 0.499315
45 550 -0.0910513848066 0.499316
valid_acc 97.17166666666667
46 0 -0.0276936814189 0.499315
46 50 -0.115192882717 0.499315
46 100 -0.237117961049 0.499315
46 150 -0.0193911436945 0.499315
46 200 -0.0243080276996 0.499314
46 250 -0.072753302753 0.499314
46 300 -0.0993988290429 0.499315
46 350 -0.167325720191 0.499315
46 400 -0.0153601933271 0.499315
46 450 -0.199595034122 0.499315
46 500 -0.0236977878958 0.499315
46 550 -0.0969028919935 0.499314
valid_acc 97.205
best valid_acc 97.205
47 0 -0.15971134603 0.499315
47 50 -0.115577422082 0.499315
47 100 -0.0166558660567 0.499314
47 150 -0.0357226990163 0.499314
47 200 -0.0516118891537 0.499314
47 250 -0.0556823126972 0.499314
47 300 -0.021304666996 0.499314
47 350 -0.196526452899 0.499313
47 400 -0.0699535012245 0.499314
47 450 -0.0758154764771 0.499313
47 500 -0.0400765314698 0.499314
47 550 -0.00556625425816 0.499313
valid_acc 97.14333333333333
48 0 -0.245814442635 0.499313
48 50 -0.0176594462246 0.499313
48 100 -0.0228966735303 0.499314
48 150 -0.0537124164402 0.499314
48 200 -0.0343828126788 0.499313
48 250 -0.0428883656859 0.499314
48 300 -0.00715888477862 0.499314
48 350 -0.0939068496227 0.499313
48 400 -0.0203191805631 0.499313
48 450 -0.0112016582862 0.499313
48 500 -0.0517875440419 0.499313
48 550 -0.0351654924452 0.499313
valid_acc 97.16166666666666
49 0 -0.035101223737 0.499313
49 50 -0.0991445183754 0.499312
49 100 -0.0387477837503 0.499312
49 150 -0.248261526227 0.499312
49 200 -0.0704380050302 0.499313
49 250 -0.0211785715073 0.499313
49 300 -0.064919501543 0.499313
49 350 -0.0376162044704 0.499313
49 400 -0.150752142072 0.499311
49 450 -0.02918243967 0.499312
49 500 -0.0418227948248 0.499312
49 550 -0.0227348282933 0.499312
valid_acc 97.41666666666666
best valid_acc 97.41666666666666
50 0 -0.0295705031604 0.499312
50 50 -0.0459232293069 0.499312
50 100 -0.00182016182225 0.499312
50 150 -0.0592097379267 0.499312
50 200 -0.148652628064 0.499312
50 250 -0.0181087777019 0.499311
50 300 -0.0343707092106 0.499312
50 350 -0.11193241179 0.499311
50 400 -0.0543772354722 0.499311
50 450 -0.0385632067919 0.499311
50 500 -0.0552682429552 0.499311
50 550 -0.0650486648083 0.499311
valid_acc 97.31666666666666

Average loss: 0.0955, Accuracy: 9715/10000 (97.1500%)
